0 info it worked if it ends with ok
1 verbose cli [ 'node', '/usr/local/bin/npm', 'run', 'dev' ]
2 info using npm@2.1.10
3 info using node@v0.10.29
4 verbose run-script [ 'predev', 'dev', 'postdev' ]
5 info predev Community-Rights@0.1.0
6 info dev Community-Rights@0.1.0
7 verbose unsafe-perm in lifecycle true
8 info Community-Rights@0.1.0 Failed to exec dev script
9 verbose stack Error: Community-Rights@0.1.0 dev: `gulp watch`
9 verbose stack Exit status 8
9 verbose stack     at EventEmitter.<anonymous> (/usr/local/lib/node_modules/npm/lib/utils/lifecycle.js:212:16)
9 verbose stack     at EventEmitter.emit (events.js:98:17)
9 verbose stack     at ChildProcess.<anonymous> (/usr/local/lib/node_modules/npm/lib/utils/spawn.js:14:12)
9 verbose stack     at ChildProcess.emit (events.js:98:17)
9 verbose stack     at maybeClose (child_process.js:755:16)
9 verbose stack     at Process.ChildProcess._handle.onexit (child_process.js:822:5)
10 verbose pkgid Community-Rights@0.1.0
11 verbose cwd /Users/Robert/Projects/github_work/Community-Rights
12 error Darwin 14.0.0
13 error argv "node" "/usr/local/bin/npm" "run" "dev"
14 error node v0.10.29
15 error npm  v2.1.10
16 error code ELIFECYCLE
17 error Community-Rights@0.1.0 dev: `gulp watch`
17 error Exit status 8
18 error Failed at the Community-Rights@0.1.0 dev script 'gulp watch'.
18 error This is most likely a problem with the Community-Rights package,
18 error not with npm itself.
18 error Tell the author that this fails on your system:
18 error     gulp watch
18 error You can get their info via:
18 error     npm owner ls Community-Rights
18 error There is likely additional logging output above.
19 verbose exit [ 1, true ]
